-------------------------------------------------------------------------------
Test set: com.imagecapture.steps.ApiTestSuite
-------------------------------------------------------------------------------
<<<<<<< HEAD
<<<<<<< HEAD
Tests run: 15, Failures: 0, Errors: 1, Skipped: 1, Time elapsed: 6.76 sec <<< FAILURE! - in com.imagecapture.steps.ApiTestSuite
When I am sending image with name first to convert to type jpg(com.imagecapture.steps.GetImageSteps)  Time elapsed: 1.012 sec  <<< ERROR!
org.springframework.web.client.ResourceAccessException: I/O error on POST request for "http://localhost:8081/convert-image": Connection refused: connect; nested exception is java.net.ConnectException: Connection refused: connect
	at java.net.DualStackPlainSocketImpl.connect0(Native Method)
	at java.net.DualStackPlainSocketImpl.socketConnect(DualStackPlainSocketImpl.java:79)
	at java.net.AbstractPlainSocketImpl.doConnect(AbstractPlainSocketImpl.java:350)
	at java.net.AbstractPlainSocketImpl.connectToAddress(AbstractPlainSocketImpl.java:206)
	at java.net.AbstractPlainSocketImpl.connect(AbstractPlainSocketImpl.java:188)
	at java.net.PlainSocketImpl.connect(PlainSocketImpl.java:172)
	at java.net.SocksSocketImpl.connect(SocksSocketImpl.java:392)
	at java.net.Socket.connect(Socket.java:589)
	at java.net.Socket.connect(Socket.java:538)
	at sun.net.NetworkClient.doConnect(NetworkClient.java:180)
	at sun.net.www.http.HttpClient.openServer(HttpClient.java:432)
	at sun.net.www.http.HttpClient.openServer(HttpClient.java:527)
	at sun.net.www.http.HttpClient.<init>(HttpClient.java:211)
	at sun.net.www.http.HttpClient.New(HttpClient.java:308)
	at sun.net.www.http.HttpClient.New(HttpClient.java:326)
	at sun.net.www.protocol.http.HttpURLConnection.getNewHttpClient(HttpURLConnection.java:1202)
	at sun.net.www.protocol.http.HttpURLConnection.plainConnect0(HttpURLConnection.java:1138)
	at sun.net.www.protocol.http.HttpURLConnection.plainConnect(HttpURLConnection.java:1032)
	at sun.net.www.protocol.http.HttpURLConnection.connect(HttpURLConnection.java:966)
	at org.springframework.http.client.SimpleBufferingClientHttpRequest.executeInternal(SimpleBufferingClientHttpRequest.java:78)
	at org.springframework.http.client.AbstractBufferingClientHttpRequest.executeInternal(AbstractBufferingClientHttpRequest.java:48)
	at org.springframework.http.client.AbstractClientHttpRequest.execute(AbstractClientHttpRequest.java:53)
	at org.springframework.web.client.RestTemplate.doExecute(RestTemplate.java:633)
	at org.springframework.web.client.RestTemplate.execute(RestTemplate.java:594)
	at org.springframework.web.client.RestTemplate.postForObject(RestTemplate.java:394)
	at com.imagecapture.steps.GetImageSteps.convertImage(GetImageSteps.java:62)

=======
Tests run: 17, Failures: 0, Errors: 0, Skipped: 0, Time elapsed: 6.465 sec - in com.imagecapture.steps.ApiTestSuite
>>>>>>> dev
=======
Tests run: 15, Failures: 1, Errors: 0, Skipped: 0, Time elapsed: 5.971 sec <<< FAILURE! - in com.imagecapture.steps.ApiTestSuite
Then I am seeing image with type jpg(com.imagecapture.steps.GetImageSteps)  Time elapsed: 0.007 sec  <<< FAILURE!
org.junit.ComparisonFailure: Expected typejpg but got jpeg expected:<jp[]g> but was:<jp[e]g>
	at org.junit.Assert.assertEquals(Assert.java:115)
	at com.imagecapture.steps.GetImageSteps.checkingTypeOfTheImage(GetImageSteps.java:69)

>>>>>>> dev
